<?xml version="1.0" encoding="UTF-8"?>
<!-- Generated by org.testng.reporters.JUnitReportReporter -->
<testsuite skipped="0" hostname="mehers-MacBook-Air.local" name="GitHubTestCases.GithubRepository" tests="1" failures="0" timestamp="2023-07-02T11:19:29 IST" time="5.260" errors="0">
  <testcase name="createrepository" time="5.260" classname="GitHubTestCases.GithubRepository"/>
  <system-out/>
</testsuite> <!-- GitHubTestCases.GithubRepository -->
